[kdf-service.ru/index.html]
[backblue.gif]
[fade.gif]
[index.html]
[maxcdn.bootstrapcdn.com/bootstrap/4.0.0-beta.2/css/bootstrap.min.css]
[kdf-service.ru/css/main.min3860.css]
[kdf-service.ru/css/animate.min.css]
[kdf-service.ru/img/favicon.ico]
[kdf-service.ru/img/bg-2018.jpg]
[kdf-service.ru/img/scheme-icon1.jpg]
[kdf-service.ru/img/scheme-icon2.jpg]
[kdf-service.ru/img/scheme-icon3.jpg]
[kdf-service.ru/img/scheme-icon4.jpg]
[kdf-service.ru/img/scheme-icon5.jpg]
[kdf-service.ru/img/scheme-icon6.jpg]
[cdnjs.cloudflare.com/ajax/libs/popper.js/1.12.3/umd/popper.min.js]
[code.jquery.com/jquery-latest.min.js]
[kdf-service.ru/js/wow.min.js]
[maxcdn.bootstrapcdn.com/bootstrap/4.0.0-beta.2/js/bootstrap.min.js]
[kdf-service.ru/js/jquery.animateNumber.min.js]
[kdf-service.ru/js/jquery.viewportchecker.min.js]
[kdf-service.ru/js/jquery.inputmask.js]
[kdf-service.ru/js/jquery.inputmask.numeric.extensions.js]
[kdf-service.ru/js/main.js]
[kdf-service.ru/index.html]
[maxcdn.bootstrapcdn.com/bootstrap/4.0.0-beta.2/css/bootstrap.min.css]
[kdf-service.ru/img/logo-wh.svg]
[kdf-service.ru/img/1-1.svg]
[kdf-service.ru/img/1-2.svg]
[kdf-service.ru/img/1-3.svg]
[kdf-service.ru/img/1-4.svg]
[kdf-service.ru/img/1-5.svg]
[kdf-service.ru/img/1-6.svg]
[kdf-service.ru/img/about_3.svg]
[kdf-service.ru/img/2-1.svg]
[mc.yandex.ru/metrika/watch.js]
[kdf-service.ru/img/2-2.svg]
[kdf-service.ru/img/2-3.svg]
[kdf-service.ru/img/2-4.svg]
[kdf-service.ru/img/2-5.svg]
[kdf-service.ru/img/2-6.svg]
[kdf-service.ru/img/2-7.svg]
[kdf-service.ru/img/2-8.svg]
[kdf-service.ru/img/3-2.svg]
[kdf-service.ru/img/3-3.svg]
[kdf-service.ru/img/3-4.svg]
[kdf-service.ru/img/3-5.svg]
[kdf-service.ru/img/delivery1.jpg]
[kdf-service.ru/img/delivery2.jpg]
[kdf-service.ru/img/delivery3.jpg]
[kdf-service.ru/img/delivery4.jpg]
[kdf-service.ru/img/clock-icon.svg]
[kdf-service.ru/img/line-element.png]
[kdf-service.ru/css/main.min3860.css]
[kdf-service.ru/css/animate.min.css]
[kdf-service.ru/css/fonts/Geometria-ExtaBlack.html]
[kdf-service.ru/img/2-9.svg]
[kdf-service.ru/css/fonts/Geometria-Medium.html]
[kdf-service.ru/css/fonts/Geometria-Light.html]
[kdf-service.ru/css/fonts/Geometria-ExtraLight.html]
[kdf-service.ru/css/fonts/Geometria.html]
[kdf-service.ru/politica.pdf]
[kdf-service.ru/js/wow.min.js]
[kdf-service.ru/js/jquery.animateNumber.min.js]
[kdf-service.ru/css/accordion.css]
[kdf-service.ru/js/accordion.js]
[kdf-service.ru/js/jquery.viewportchecker.min.js]
[kdf-service.ru/js/jquery.inputmask.js]
[kdf-service.ru/js/jquery.inputmask.numeric.extensions.js]
[kdf-service.ru/js/main.js]
[kdf-service.ru/img/logo-wh.svg]
[kdf-service.ru/img/1-1.svg]
[kdf-service.ru/img/1-2.svg]
[kdf-service.ru/img/1-3.svg]
[kdf-service.ru/img/1-4.svg]
[kdf-service.ru/img/1-5.svg]
[kdf-service.ru/img/1-6.svg]
[kdf-service.ru/img/about_1.svg]
[kdf-service.ru/img/about_2.svg]
[kdf-service.ru/img/about_3.svg]
[kdf-service.ru/img/plus.svg]
[kdf-service.ru/img/2-1.svg]
[kdf-service.ru/img/2-2.svg]
[kdf-service.ru/img/2-3.svg]
[kdf-service.ru/img/2-4.svg]
[kdf-service.ru/img/2-5.svg]
[kdf-service.ru/img/2-6.svg]
[kdf-service.ru/img/2-7.svg]
[kdf-service.ru/img/2-8.svg]
[kdf-service.ru/img/3-1.svg]
[kdf-service.ru/img/3-2.svg]
[kdf-service.ru/img/3-3.svg]
[kdf-service.ru/img/3-4.svg]
[kdf-service.ru/img/3-5.svg]
[kdf-service.ru/img/3-6.svg]
[kdf-service.ru/img/arrow-next--thin-blue.svg]
[kdf-service.ru/img/arrow-right.svg]
[kdf-service.ru/img/rub.svg]
[kdf-service.ru/img/phone-icon.svg]
[kdf-service.ru/img/mail-icon.svg]
[kdf-service.ru/img/clock-icon.svg]
[kdf-service.ru/img/next-step.svg]
[kdf-service.ru/img/next-step-active.svg]
[kdf-service.ru/img/next-step-gray.svg]
[kdf-service.ru/img/check.svg]
[kdf-service.ru/img/2-9.svg]
[kdf-service.ru/img/logo.svg]
[kdf-service.ru/img/logo.svg]
[kdf-service.ru/img/location-icon.svg]
[kdf-service.ru/css/fonts/Geometria-Bold.html]
